<?xml version="1.0" encoding="UTF-8"?>
<testng-results ignored="0" total="1" passed="1" failed="0" skipped="0">
  <reporter-output>
  </reporter-output>
  <suite started-at="2019-05-31T22:31:02Z" name="Default suite" finished-at="2019-05-31T22:31:15Z" duration-ms="13283">
    <groups>
    </groups>
    <test started-at="2019-05-31T22:31:02Z" name="Default test" finished-at="2019-05-31T22:31:15Z" duration-ms="13283">
      <class name="Chynar.coingBat">
        <test-method is-config="true" signature="before()[pri:0, instance:Chynar.coingBat@69453e37]" started-at="2019-05-31T22:31:02Z" name="before" finished-at="2019-05-31T22:31:12Z" duration-ms="10123" status="PASS">
          <reporter-output>
          </reporter-output>
        </test-method> <!-- before -->
        <test-method signature="testWebPage()[pri:0, instance:Chynar.coingBat@69453e37]" started-at="2019-05-31T22:31:12Z" name="testWebPage" finished-at="2019-05-31T22:31:15Z" duration-ms="3082" status="PASS">
          <reporter-output>
          </reporter-output>
        </test-method> <!-- testWebPage -->
      </class> <!-- Chynar.coingBat -->
    </test> <!-- Default test -->
  </suite> <!-- Default suite -->
</testng-results>
